<?xml version="1.0" encoding="UTF-8"?>
<coverage generated="1361696617">
  <project timestamp="1361696617">
    <file name="/Volumes/Projects/PHP/FurryBear/SplClassLoader.php">
      <class name="SplClassLoader" namespace="global" fullPackage="FurryBear" package="FurryBear">
        <metrics methods="3" coveredmethods="3" conditionals="0" coveredconditionals="0" statements="17" coveredstatements="17" elements="20" coveredelements="20"/>
      </class>
      <line num="0" type="stmt" count="2"/>
      <line num="53" type="method" name="__construct" crap="1" count="2"/>
      <line num="54" type="stmt" count="2"/>
      <line num="55" type="stmt" count="2"/>
      <line num="56" type="stmt" count="2"/>
      <line num="57" type="stmt" count="2"/>
      <line num="62" type="method" name="register" crap="1" count="1"/>
      <line num="63" type="stmt" count="1"/>
      <line num="64" type="stmt" count="1"/>
      <line num="71" type="method" name="furrybear_autoload" crap="3" count="7"/>
      <line num="72" type="stmt" count="7"/>
      <line num="73" type="stmt" count="7"/>
      <line num="74" type="stmt" count="7"/>
      <line num="75" type="stmt" count="7"/>
      <line num="76" type="stmt" count="7"/>
      <line num="77" type="stmt" count="7"/>
      <line num="78" type="stmt" count="7"/>
      <line num="79" type="stmt" count="7"/>
      <line num="80" type="stmt" count="7"/>
      <line num="82" type="stmt" count="7"/>
      <line num="83" type="stmt" count="7"/>
      <metrics loc="83" ncloc="34" classes="1" methods="3" coveredmethods="3" conditionals="0" coveredconditionals="0" statements="17" coveredstatements="17" elements="20" coveredelements="20"/>
    </file>
    <file name="/Volumes/Projects/PHP/FurryBear/src/FurryBear/Exception/ExceptionInterface.php">
      <metrics loc="28" ncloc="8" classes="0" methods="0" coveredmethods="0" conditionals="0" coveredconditionals="0" statements="0" coveredstatements="0" elements="0" coveredelements="0"/>
    </file>
    <package name="FurryBear\Exception">
      <file name="/Volumes/Projects/PHP/FurryBear/src/FurryBear/Exception/InvalidJsonException.php">
        <class name="InvalidJsonException" namespace="FurryBear\Exception">
          <metrics methods="0" coveredmethods="0" conditionals="0" coveredconditionals="0" statements="0" coveredstatements="0" elements="0" coveredelements="0"/>
        </class>
        <metrics loc="29" ncloc="9" classes="1" methods="0" coveredmethods="0" conditionals="0" coveredconditionals="0" statements="0" coveredstatements="0" elements="0" coveredelements="0"/>
      </file>
      <file name="/Volumes/Projects/PHP/FurryBear/src/FurryBear/Exception/NoOutputException.php">
        <class name="NoOutputException" namespace="FurryBear\Exception">
          <metrics methods="0" coveredmethods="0" conditionals="0" coveredconditionals="0" statements="0" coveredstatements="0" elements="0" coveredelements="0"/>
        </class>
        <metrics loc="29" ncloc="9" classes="1" methods="0" coveredmethods="0" conditionals="0" coveredconditionals="0" statements="0" coveredstatements="0" elements="0" coveredelements="0"/>
      </file>
      <file name="/Volumes/Projects/PHP/FurryBear/src/FurryBear/Exception/NoProviderException.php">
        <class name="NoProviderException" namespace="FurryBear\Exception">
          <metrics methods="0" coveredmethods="0" conditionals="0" coveredconditionals="0" statements="0" coveredstatements="0" elements="0" coveredelements="0"/>
        </class>
        <metrics loc="29" ncloc="9" classes="1" methods="0" coveredmethods="0" conditionals="0" coveredconditionals="0" statements="0" coveredstatements="0" elements="0" coveredelements="0"/>
      </file>
      <file name="/Volumes/Projects/PHP/FurryBear/src/FurryBear/Exception/NoResultException.php">
        <class name="NoResultException" namespace="FurryBear\Exception">
          <metrics methods="0" coveredmethods="0" conditionals="0" coveredconditionals="0" statements="0" coveredstatements="0" elements="0" coveredelements="0"/>
        </class>
        <metrics loc="29" ncloc="9" classes="1" methods="0" coveredmethods="0" conditionals="0" coveredconditionals="0" statements="0" coveredstatements="0" elements="0" coveredelements="0"/>
      </file>
    </package>
    <package name="FurryBear">
      <file name="/Volumes/Projects/PHP/FurryBear/src/FurryBear/FurryBear.php">
        <class name="FurryBear" namespace="FurryBear" fullPackage="FurryBear" category="Congress_API" package="FurryBear">
          <metrics methods="6" coveredmethods="6" conditionals="0" coveredconditionals="0" statements="18" coveredstatements="18" elements="24" coveredelements="24"/>
        </class>
        <line num="0" type="stmt" count="2"/>
        <line num="67" type="method" name="registerProvider" crap="2" count="11"/>
        <line num="69" type="stmt" count="11"/>
        <line num="71" type="stmt" count="11"/>
        <line num="72" type="stmt" count="1"/>
        <line num="73" type="stmt" count="1"/>
        <line num="75" type="stmt" count="11"/>
        <line num="83" type="method" name="getProvider" crap="1" count="6"/>
        <line num="85" type="stmt" count="6"/>
        <line num="95" type="method" name="registerOutput" crap="1" count="11"/>
        <line num="97" type="stmt" count="11"/>
        <line num="98" type="stmt" count="11"/>
        <line num="106" type="method" name="getOutput" crap="1" count="1"/>
        <line num="108" type="stmt" count="1"/>
        <line num="119" type="method" name="__get" crap="4" count="4"/>
        <line num="120" type="stmt" count="4"/>
        <line num="121" type="stmt" count="1"/>
        <line num="123" type="stmt" count="3"/>
        <line num="124" type="stmt" count="1"/>
        <line num="126" type="stmt" count="2"/>
        <line num="127" type="stmt" count="2"/>
        <line num="128" type="stmt" count="2"/>
        <line num="130" type="stmt" count="2"/>
        <line num="138" type="method" name="getVersion" crap="1" count="1"/>
        <line num="140" type="stmt" count="1"/>
        <metrics loc="141" ncloc="66" classes="1" methods="6" coveredmethods="6" conditionals="0" coveredconditionals="0" statements="18" coveredstatements="18" elements="24" coveredelements="24"/>
      </file>
    </package>
    <package name="FurryBear\HttpAdapter">
      <file name="/Volumes/Projects/PHP/FurryBear/src/FurryBear/HttpAdapter/CurlHttpAdapter.php">
        <class name="CurlHttpAdapter" namespace="FurryBear\HttpAdapter">
          <metrics methods="4" coveredmethods="4" conditionals="0" coveredconditionals="0" statements="24" coveredstatements="22" elements="28" coveredelements="26"/>
        </class>
        <line num="61" type="method" name="__construct" crap="2" count="23"/>
        <line num="63" type="stmt" count="23"/>
        <line num="64" type="stmt" count="21"/>
        <line num="65" type="stmt" count="21"/>
        <line num="66" type="stmt" count="23"/>
        <line num="75" type="method" name="getContent" crap="4.03" count="3"/>
        <line num="77" type="stmt" count="3"/>
        <line num="78" type="stmt" count="0"/>
        <line num="79" type="stmt" count="0"/>
        <line num="81" type="stmt" count="3"/>
        <line num="82" type="stmt" count="3"/>
        <line num="83" type="stmt" count="3"/>
        <line num="84" type="stmt" count="3"/>
        <line num="85" type="stmt" count="3"/>
        <line num="86" type="stmt" count="1"/>
        <line num="87" type="stmt" count="1"/>
        <line num="89" type="stmt" count="3"/>
        <line num="90" type="stmt" count="3"/>
        <line num="91" type="stmt" count="3"/>
        <line num="93" type="stmt" count="3"/>
        <line num="94" type="stmt" count="1"/>
        <line num="97" type="stmt" count="2"/>
        <line num="107" type="method" name="setHeaders" crap="1" count="2"/>
        <line num="109" type="stmt" count="2"/>
        <line num="110" type="stmt" count="2"/>
        <line num="119" type="method" name="setUserAgent" crap="1" count="1"/>
        <line num="121" type="stmt" count="1"/>
        <line num="122" type="stmt" count="1"/>
        <metrics loc="122" ncloc="57" classes="1" methods="4" coveredmethods="3" conditionals="0" coveredconditionals="0" statements="24" coveredstatements="22" elements="28" coveredelements="25"/>
      </file>
    </package>
    <file name="/Volumes/Projects/PHP/FurryBear/src/FurryBear/HttpAdapter/HttpAdapterInterface.php">
      <metrics loc="52" ncloc="11" classes="0" methods="0" coveredmethods="0" conditionals="0" coveredconditionals="0" statements="0" coveredstatements="0" elements="0" coveredelements="0"/>
    </file>
    <package name="FurryBear\Output">
      <file name="/Volumes/Projects/PHP/FurryBear/src/FurryBear/Output/JsonToArrayOutputStrategy.php">
        <class name="JsonToArrayOutputStrategy" namespace="FurryBear\Output" fullPackage="FurryBear" category="Congress_API" package="FurryBear">
          <metrics methods="1" coveredmethods="1" conditionals="0" coveredconditionals="0" statements="4" coveredstatements="4" elements="5" coveredelements="5"/>
        </class>
        <line num="38" type="method" name="convert" crap="2" count="2"/>
        <line num="40" type="stmt" count="2"/>
        <line num="42" type="stmt" count="2"/>
        <line num="43" type="stmt" count="1"/>
        <line num="45" type="stmt" count="1"/>
        <metrics loc="47" ncloc="19" classes="1" methods="1" coveredmethods="1" conditionals="0" coveredconditionals="0" statements="4" coveredstatements="4" elements="5" coveredelements="5"/>
      </file>
      <file name="/Volumes/Projects/PHP/FurryBear/src/FurryBear/Output/JsonToObjectOutputStrategy.php">
        <class name="JsonToObjectOutputStrategy" namespace="FurryBear\Output" fullPackage="FurryBear" category="Congress_API" package="FurryBear">
          <metrics methods="1" coveredmethods="1" conditionals="0" coveredconditionals="0" statements="4" coveredstatements="4" elements="5" coveredelements="5"/>
        </class>
        <line num="38" type="method" name="convert" crap="2" count="2"/>
        <line num="40" type="stmt" count="2"/>
        <line num="42" type="stmt" count="2"/>
        <line num="43" type="stmt" count="1"/>
        <line num="45" type="stmt" count="1"/>
        <metrics loc="47" ncloc="19" classes="1" methods="1" coveredmethods="1" conditionals="0" coveredconditionals="0" statements="4" coveredstatements="4" elements="5" coveredelements="5"/>
      </file>
    </package>
    <file name="/Volumes/Projects/PHP/FurryBear/src/FurryBear/Output/OutputStrategy.php">
      <metrics loc="35" ncloc="8" classes="0" methods="0" coveredmethods="0" conditionals="0" coveredconditionals="0" statements="0" coveredstatements="0" elements="0" coveredelements="0"/>
    </file>
    <package name="FurryBear\Provider">
      <file name="/Volumes/Projects/PHP/FurryBear/src/FurryBear/Provider/AbstractProvider.php">
        <class name="AbstractProvider" namespace="FurryBear\Provider" fullPackage="FurryBear" category="Congress_API" package="FurryBear">
          <metrics methods="4" coveredmethods="3" conditionals="0" coveredconditionals="0" statements="5" coveredstatements="5" elements="9" coveredelements="8"/>
        </class>
        <line num="0" type="stmt" count="1"/>
        <line num="41" type="method" name="__construct" crap="1" count="19"/>
        <line num="43" type="stmt" count="19"/>
        <line num="44" type="stmt" count="19"/>
        <line num="53" type="method" name="setAdapter" crap="1" count="15"/>
        <line num="55" type="stmt" count="15"/>
        <line num="56" type="stmt" count="15"/>
        <line num="63" type="method" name="getAdapter" crap="1" count="3"/>
        <line num="65" type="stmt" count="3"/>
        <line num="74" type="method" name="getDirectory" crap="1" count="0"/>
        <metrics loc="74" ncloc="26" classes="1" methods="3" coveredmethods="3" conditionals="0" coveredconditionals="0" statements="5" coveredstatements="5" elements="8" coveredelements="8"/>
      </file>
      <file name="/Volumes/Projects/PHP/FurryBear/src/FurryBear/Provider/SunlightFoundationProvider.php">
        <class name="SunlightFoundationProvider" namespace="FurryBear\Provider" fullPackage="FurryBear" category="Congress_API" package="FurryBear">
          <metrics methods="5" coveredmethods="5" conditionals="0" coveredconditionals="0" statements="8" coveredstatements="8" elements="13" coveredelements="13"/>
        </class>
        <line num="53" type="method" name="__construct" crap="1" count="15"/>
        <line num="55" type="stmt" count="15"/>
        <line num="56" type="stmt" count="15"/>
        <line num="57" type="stmt" count="15"/>
        <line num="64" type="method" name="getServiceUrl" crap="1" count="2"/>
        <line num="66" type="stmt" count="2"/>
        <line num="76" type="method" name="setApiKey" crap="1" count="1"/>
        <line num="78" type="stmt" count="1"/>
        <line num="79" type="stmt" count="1"/>
        <line num="86" type="method" name="getApiKey" crap="1" count="3"/>
        <line num="88" type="stmt" count="3"/>
        <line num="96" type="method" name="getDirectory" crap="1" count="4"/>
        <line num="97" type="stmt" count="4"/>
        <metrics loc="98" ncloc="39" classes="1" methods="5" coveredmethods="5" conditionals="0" coveredconditionals="0" statements="8" coveredstatements="8" elements="13" coveredelements="13"/>
      </file>
    </package>
    <package name="FurryBear\Proxy">
      <file name="/Volumes/Projects/PHP/FurryBear/src/FurryBear/Proxy/CurlProxy.php">
        <class name="CurlProxy" namespace="FurryBear\Proxy" fullPackage="FurryBear" category="Congress_API" package="FurryBear">
          <metrics methods="6" coveredmethods="0" conditionals="0" coveredconditionals="0" statements="9" coveredstatements="0" elements="15" coveredelements="0"/>
        </class>
        <line num="38" type="method" name="__construct" crap="2" count="0"/>
        <line num="40" type="stmt" count="0"/>
        <line num="41" type="stmt" count="0"/>
        <line num="48" type="method" name="close" crap="2" count="0"/>
        <line num="50" type="stmt" count="0"/>
        <line num="51" type="stmt" count="0"/>
        <line num="58" type="method" name="execute" crap="2" count="0"/>
        <line num="60" type="stmt" count="0"/>
        <line num="68" type="method" name="getInfo" crap="2" count="0"/>
        <line num="70" type="stmt" count="0"/>
        <line num="81" type="method" name="setOption" crap="2" count="0"/>
        <line num="83" type="stmt" count="0"/>
        <line num="84" type="stmt" count="0"/>
        <line num="91" type="method" name="getError" crap="2" count="0"/>
        <line num="93" type="stmt" count="0"/>
        <metrics loc="94" ncloc="36" classes="1" methods="6" coveredmethods="0" conditionals="0" coveredconditionals="0" statements="9" coveredstatements="0" elements="15" coveredelements="0"/>
      </file>
    </package>
    <file name="/Volumes/Projects/PHP/FurryBear/src/FurryBear/Proxy/HttpRequest.php">
      <metrics loc="62" ncloc="14" classes="0" methods="0" coveredmethods="0" conditionals="0" coveredconditionals="0" statements="0" coveredstatements="0" elements="0" coveredelements="0"/>
    </file>
    <package name="FurryBear\Resource">
      <file name="/Volumes/Projects/PHP/FurryBear/src/FurryBear/Resource/AbstractResource.php">
        <class name="AbstractResource" namespace="FurryBear\Resource" fullPackage="FurryBear" category="Congress_API" package="FurryBear">
          <metrics methods="5" coveredmethods="4" conditionals="0" coveredconditionals="0" statements="6" coveredstatements="6" elements="11" coveredelements="10"/>
        </class>
        <line num="45" type="method" name="__construct" crap="1" count="9"/>
        <line num="47" type="stmt" count="9"/>
        <line num="48" type="stmt" count="9"/>
        <line num="57" type="method" name="buildQuery" crap="1" count="0"/>
        <line num="66" type="method" name="get" crap="1" count="1"/>
        <line num="68" type="stmt" count="1"/>
        <line num="76" type="method" name="getResourceMethod" crap="1" count="2"/>
        <line num="78" type="stmt" count="2"/>
        <line num="88" type="method" name="setResourceMethod" crap="1" count="7"/>
        <line num="90" type="stmt" count="7"/>
        <line num="91" type="stmt" count="7"/>
        <metrics loc="91" ncloc="30" classes="1" methods="4" coveredmethods="4" conditionals="0" coveredconditionals="0" statements="6" coveredstatements="6" elements="10" coveredelements="10"/>
      </file>
      <file name="/Volumes/Projects/PHP/FurryBear/src/FurryBear/Resource/ResourceFactory.php">
        <class name="ResourceFactory" namespace="FurryBear\Resource" fullPackage="FurryBear" category="Congress_API" package="FurryBear">
          <metrics methods="2" coveredmethods="2" conditionals="0" coveredconditionals="0" statements="3" coveredstatements="3" elements="5" coveredelements="5"/>
        </class>
        <line num="39" type="method" name="create" crap="1" count="3"/>
        <line num="41" type="stmt" count="3"/>
        <line num="42" type="method" name="anonymous function" crap="1" count="3"/>
        <metrics loc="48" ncloc="15" classes="1" methods="2" coveredmethods="2" conditionals="0" coveredconditionals="0" statements="2" coveredstatements="2" elements="4" coveredelements="4"/>
      </file>
    </package>
    <package name="FurryBear\Resource\SunlightFoundation">
      <file name="/Volumes/Projects/PHP/FurryBear/src/FurryBear/Resource/SunlightFoundation/BaseResource.php">
        <class name="BaseResource" namespace="FurryBear\Resource\SunlightFoundation" fullPackage="FurryBear" category="Congress_API" package="FurryBear">
          <metrics methods="2" coveredmethods="2" conditionals="0" coveredconditionals="0" statements="11" coveredstatements="11" elements="13" coveredelements="13"/>
        </class>
        <line num="35" type="method" name="__construct" crap="1" count="6"/>
        <line num="37" type="stmt" count="6"/>
        <line num="38" type="stmt" count="6"/>
        <line num="47" type="method" name="buildQuery" crap="2" count="1"/>
        <line num="49" type="stmt" count="1"/>
        <line num="50" type="stmt" count="1"/>
        <line num="51" type="stmt" count="1"/>
        <line num="52" type="stmt" count="1"/>
        <line num="54" type="stmt" count="1"/>
        <line num="55" type="stmt" count="1"/>
        <line num="56" type="stmt" count="1"/>
        <line num="57" type="stmt" count="1"/>
        <line num="58" type="stmt" count="1"/>
        <metrics loc="59" ncloc="27" classes="1" methods="2" coveredmethods="2" conditionals="0" coveredconditionals="0" statements="11" coveredstatements="11" elements="13" coveredelements="13"/>
      </file>
      <file name="/Volumes/Projects/PHP/FurryBear/src/FurryBear/Resource/SunlightFoundation/Bills.php">
        <class name="Bills" namespace="FurryBear\Resource\SunlightFoundation" fullPackage="FurryBear" category="Congress_API" package="FurryBear">
          <metrics methods="1" coveredmethods="1" conditionals="0" coveredconditionals="0" statements="3" coveredstatements="3" elements="4" coveredelements="4"/>
        </class>
        <line num="40" type="method" name="__construct" crap="1" count="4"/>
        <line num="42" type="stmt" count="4"/>
        <line num="43" type="stmt" count="4"/>
        <line num="44" type="stmt" count="4"/>
        <metrics loc="44" ncloc="14" classes="1" methods="1" coveredmethods="1" conditionals="0" coveredconditionals="0" statements="3" coveredstatements="3" elements="4" coveredelements="4"/>
      </file>
      <file name="/Volumes/Projects/PHP/FurryBear/src/FurryBear/Resource/SunlightFoundation/LegislatorsLocate.php">
        <class name="LegislatorsLocate" namespace="FurryBear\Resource\SunlightFoundation" fullPackage="FurryBear" category="Congress_API" package="FurryBear">
          <metrics methods="1" coveredmethods="1" conditionals="0" coveredconditionals="0" statements="3" coveredstatements="3" elements="4" coveredelements="4"/>
        </class>
        <line num="40" type="method" name="__construct" crap="1" count="2"/>
        <line num="42" type="stmt" count="2"/>
        <line num="43" type="stmt" count="2"/>
        <line num="44" type="stmt" count="2"/>
        <metrics loc="44" ncloc="14" classes="1" methods="1" coveredmethods="1" conditionals="0" coveredconditionals="0" statements="3" coveredstatements="3" elements="4" coveredelements="4"/>
      </file>
    </package>
    <metrics files="21" loc="1285" ncloc="473" classes="17" methods="39" coveredmethods="32" conditionals="0" coveredconditionals="0" statements="114" coveredstatements="103" elements="153" coveredelements="135"/>
  </project>
</coverage>
